<?xml version="1.0" encoding="UTF-8"?>
<!-- Generated by org.testng.reporters.JUnitReportReporter -->
<testsuite hostname="ad-PC" name="Com.Practice.NewTest" tests="1" failures="0" timestamp="8 Mar 2017 07:22:44 GMT" time="44.831" errors="0">
  <testcase name="f" time="44.831" classname="Com.Practice.NewTest"/>
</testsuite> <!-- Com.Practice.NewTest -->
