<?xml version="1.0" encoding="UTF-8"?>
<!-- Generated by org.testng.reporters.JUnitReportReporter -->
<testsuite hostname="ad-PC" name="Com.Practice.uppgm" tests="1" failures="0" timestamp="12 Jul 2017 06:29:41 GMT" time="47.134" errors="0">
  <testcase name="f" time="47.134" classname="Com.Practice.uppgm"/>
</testsuite> <!-- Com.Practice.uppgm -->
