<?xml version="1.0" encoding="UTF-8"?>
<!-- Generated by org.testng.reporters.JUnitReportReporter -->
<testsuite hostname="ad-PC" name="Com.Practice.MakeMyTrip" tests="1" failures="0" timestamp="11 Jul 2017 07:17:32 GMT" time="103.529" errors="0">
  <testcase name="f" time="103.529" classname="Com.Practice.MakeMyTrip"/>
</testsuite> <!-- Com.Practice.MakeMyTrip -->
